<?xml version="1.0" encoding="UTF-8"?>
<testng-results ignored="0" total="1" passed="1" failed="0" skipped="0">
  <reporter-output>
  </reporter-output>
  <suite started-at="2023-02-23T14:28:42 IST" name="Default suite" finished-at="2023-02-23T14:28:46 IST" duration-ms="3456">
    <groups>
    </groups>
    <test started-at="2023-02-23T14:28:42 IST" name="Default test" finished-at="2023-02-23T14:28:46 IST" duration-ms="3456">
      <class name="crudOperationsWithBDD.CreateUser">
        <test-method signature="postUser()[pri:0, instance:crudOperationsWithBDD.CreateUser@13e39c73]" started-at="2023-02-23T14:28:42 IST" name="postUser" finished-at="2023-02-23T14:28:46 IST" duration-ms="3412" status="PASS">
          <reporter-output>
          </reporter-output>
        </test-method> <!-- postUser -->
      </class> <!-- crudOperationsWithBDD.CreateUser -->
    </test> <!-- Default test -->
  </suite> <!-- Default suite -->
</testng-results>
